/data/liuaal/.local/lib/python3.6/site-packages/sklearn/model_selection/_split.py:668: UserWarning: The least populated class in y has only 4 members, which is less than n_splits=5.
  % (min_groups, self.n_splits)), UserWarning)
/data/liuaal/.local/lib/python3.6/site-packages/sklearn/metrics/_classification.py:1248: UndefinedMetricWarning: Precision is ill-defined and being set to 0.0 in labels with no predicted samples. Use `zero_division` parameter to control this behavior.
  _warn_prf(average, modifier, msg_start, len(result))
/data/liuaal/.local/lib/python3.6/site-packages/sklearn/metrics/_classification.py:1248: UndefinedMetricWarning: Precision is ill-defined and being set to 0.0 in labels with no predicted samples. Use `zero_division` parameter to control this behavior.
  _warn_prf(average, modifier, msg_start, len(result))
/data/liuaal/.local/lib/python3.6/site-packages/sklearn/metrics/_classification.py:1248: UndefinedMetricWarning: Precision is ill-defined and being set to 0.0 in labels with no predicted samples. Use `zero_division` parameter to control this behavior.
  _warn_prf(average, modifier, msg_start, len(result))
/data/liuaal/.local/lib/python3.6/site-packages/sklearn/metrics/_classification.py:1248: UndefinedMetricWarning: Precision is ill-defined and being set to 0.0 in labels with no predicted samples. Use `zero_division` parameter to control this behavior.
  _warn_prf(average, modifier, msg_start, len(result))
/data/liuaal/.local/lib/python3.6/site-packages/sklearn/metrics/_classification.py:1248: UndefinedMetricWarning: Precision is ill-defined and being set to 0.0 in labels with no predicted samples. Use `zero_division` parameter to control this behavior.
  _warn_prf(average, modifier, msg_start, len(result))
/data/liuaal/.local/lib/python3.6/site-packages/sklearn/model_selection/_split.py:668: UserWarning: The least populated class in y has only 4 members, which is less than n_splits=5.
  % (min_groups, self.n_splits)), UserWarning)
/data/liuaal/.local/lib/python3.6/site-packages/sklearn/model_selection/_split.py:668: UserWarning: The least populated class in y has only 4 members, which is less than n_splits=5.
  % (min_groups, self.n_splits)), UserWarning)
/data/liuaal/.local/lib/python3.6/site-packages/sklearn/model_selection/_split.py:668: UserWarning: The least populated class in y has only 4 members, which is less than n_splits=5.
  % (min_groups, self.n_splits)), UserWarning)
/data/liuaal/.local/lib/python3.6/site-packages/sklearn/model_selection/_split.py:668: UserWarning: The least populated class in y has only 4 members, which is less than n_splits=5.
  % (min_groups, self.n_splits)), UserWarning)
/data/liuaal/.local/lib/python3.6/site-packages/sklearn/metrics/_classification.py:1248: UndefinedMetricWarning: Recall is ill-defined and being set to 0.0 in labels with no true samples. Use `zero_division` parameter to control this behavior.
  _warn_prf(average, modifier, msg_start, len(result))
/data/liuaal/.local/lib/python3.6/site-packages/sklearn/model_selection/_split.py:668: UserWarning: The least populated class in y has only 4 members, which is less than n_splits=5.
  % (min_groups, self.n_splits)), UserWarning)
/data/liuaal/.local/lib/python3.6/site-packages/sklearn/model_selection/_split.py:668: UserWarning: The least populated class in y has only 4 members, which is less than n_splits=5.
  % (min_groups, self.n_splits)), UserWarning)
/data/liuaal/.local/lib/python3.6/site-packages/sklearn/metrics/_classification.py:1248: UndefinedMetricWarning: Precision is ill-defined and being set to 0.0 in labels with no predicted samples. Use `zero_division` parameter to control this behavior.
  _warn_prf(average, modifier, msg_start, len(result))
/data/liuaal/.local/lib/python3.6/site-packages/sklearn/metrics/_classification.py:1248: UndefinedMetricWarning: Precision is ill-defined and being set to 0.0 in labels with no predicted samples. Use `zero_division` parameter to control this behavior.
  _warn_prf(average, modifier, msg_start, len(result))
/data/liuaal/.local/lib/python3.6/site-packages/sklearn/metrics/_classification.py:1248: UndefinedMetricWarning: Precision is ill-defined and being set to 0.0 in labels with no predicted samples. Use `zero_division` parameter to control this behavior.
  _warn_prf(average, modifier, msg_start, len(result))
/data/liuaal/.local/lib/python3.6/site-packages/sklearn/metrics/_classification.py:1248: UndefinedMetricWarning: Precision is ill-defined and being set to 0.0 in labels with no predicted samples. Use `zero_division` parameter to control this behavior.
  _warn_prf(average, modifier, msg_start, len(result))
/data/liuaal/.local/lib/python3.6/site-packages/sklearn/model_selection/_split.py:668: UserWarning: The least populated class in y has only 4 members, which is less than n_splits=5.
  % (min_groups, self.n_splits)), UserWarning)
/data/liuaal/.local/lib/python3.6/site-packages/sklearn/model_selection/_split.py:668: UserWarning: The least populated class in y has only 4 members, which is less than n_splits=5.
  % (min_groups, self.n_splits)), UserWarning)
/data/liuaal/.local/lib/python3.6/site-packages/sklearn/model_selection/_split.py:668: UserWarning: The least populated class in y has only 4 members, which is less than n_splits=5.
  % (min_groups, self.n_splits)), UserWarning)
/data/liuaal/.local/lib/python3.6/site-packages/sklearn/metrics/_classification.py:1248: UndefinedMetricWarning: Precision is ill-defined and being set to 0.0 in labels with no predicted samples. Use `zero_division` parameter to control this behavior.
  _warn_prf(average, modifier, msg_start, len(result))
/data/liuaal/.local/lib/python3.6/site-packages/sklearn/metrics/_classification.py:1248: UndefinedMetricWarning: Precision is ill-defined and being set to 0.0 in labels with no predicted samples. Use `zero_division` parameter to control this behavior.
  _warn_prf(average, modifier, msg_start, len(result))
/data/liuaal/.local/lib/python3.6/site-packages/sklearn/metrics/_classification.py:1248: UndefinedMetricWarning: Precision is ill-defined and being set to 0.0 in labels with no predicted samples. Use `zero_division` parameter to control this behavior.
  _warn_prf(average, modifier, msg_start, len(result))
/data/liuaal/.local/lib/python3.6/site-packages/sklearn/metrics/_classification.py:1248: UndefinedMetricWarning: Precision is ill-defined and being set to 0.0 in labels with no predicted samples. Use `zero_division` parameter to control this behavior.
  _warn_prf(average, modifier, msg_start, len(result))
/data/liuaal/.local/lib/python3.6/site-packages/sklearn/metrics/_classification.py:1248: UndefinedMetricWarning: Precision is ill-defined and being set to 0.0 in labels with no predicted samples. Use `zero_division` parameter to control this behavior.
  _warn_prf(average, modifier, msg_start, len(result))
/data/liuaal/.local/lib/python3.6/site-packages/sklearn/model_selection/_split.py:668: UserWarning: The least populated class in y has only 4 members, which is less than n_splits=5.
  % (min_groups, self.n_splits)), UserWarning)
/data/liuaal/.local/lib/python3.6/site-packages/sklearn/model_selection/_split.py:668: UserWarning: The least populated class in y has only 4 members, which is less than n_splits=5.
  % (min_groups, self.n_splits)), UserWarning)
Got data
testing
40567
40567
Shape of vector array:
17814
Class names:
['Arabic', 'Azerbaijani', 'Chinese', 'English', 'Farsi', 'French', 'German', 'Hebrew', 'Hindi', 'Indonesian', 'Italian', 'Japanese', 'Korean', 'Mongol', 'Polish', 'Portuguese', 'Romanian', 'Russian', 'Spanish', 'Suundi', 'Swahili', 'Swedish', 'Taiwanese', 'Telugu', 'Thai', 'Turkish', 'Vietnamese', 'Zulu']


Confusion matrix, without normalization
